<?xml version="1.0" encoding="UTF-8"?>
<!-- Generated by org.testng.reporters.JUnitReportReporter -->
<testsuite skipped="0" hostname="DESKTOP-DVRHBHA" name="testNG.SuiteExample" tests="3" failures="0" timestamp="2020-06-24T20:14:36 IST" time="6.217" errors="0">
  <testcase name="openBing" time="0.575" classname="testNG.SuiteExample"/>
  <system-out/>
  <testcase name="openGoogle" time="1.782" classname="testNG.SuiteExample"/>
  <system-out/>
  <testcase name="openYahoo" time="3.860" classname="testNG.SuiteExample"/>
  <system-out/>
</testsuite> <!-- testNG.SuiteExample -->
