<?xml version="1.0" encoding="UTF-8"?>
<!-- Generated by org.testng.reporters.JUnitReportReporter -->
<testsuite skipped="0" hostname="DESKTOP-DVRHBHA" name="testNG.GroupingExample" tests="4" failures="0" timestamp="2020-06-26T20:00:36 IST" time="0.016" errors="0">
  <testcase name="vivo2" time="0.002" classname="testNG.GroupingExample"/>
  <system-out/>
  <testcase name="moto2" time="0.002" classname="testNG.GroupingExample"/>
  <system-out/>
  <testcase name="vivo1" time="0.001" classname="testNG.GroupingExample"/>
  <system-out/>
  <testcase name="moto1" time="0.011" classname="testNG.GroupingExample"/>
  <system-out/>
</testsuite> <!-- testNG.GroupingExample -->
