<?xml version="1.0" encoding="UTF-8"?>
<!-- Generated by org.testng.reporters.JUnitReportReporter -->
<testsuite skipped="0" hostname="DESKTOP-DVRHBHA" name="testNG.AnnotationsHierachyExample" tests="1" failures="0" timestamp="2020-06-27T10:55:02 IST" time="0.010" errors="0">
  <testcase name="test" time="0.010" classname="testNG.AnnotationsHierachyExample"/>
  <system-out/>
</testsuite> <!-- testNG.AnnotationsHierachyExample -->
