<?xml version="1.0" encoding="UTF-8"?>
<!-- Generated by org.testng.reporters.JUnitReportReporter -->
<testsuite skipped="0" hostname="DESKTOP-DVRHBHA" name="testNG.DependanciesManagement" tests="3" failures="0" timestamp="2020-06-25T20:09:59 IST" time="0.012" errors="0">
  <testcase name="highSchool" time="0.011" classname="testNG.DependanciesManagement"/>
  <system-out/>
  <testcase name="higherSecSchool" time="0.001" classname="testNG.DependanciesManagement"/>
  <system-out/>
  <testcase name="college" time="0.000" classname="testNG.DependanciesManagement"/>
  <system-out/>
</testsuite> <!-- testNG.DependanciesManagement -->
