<?xml version="1.0" encoding="UTF-8"?>
<!-- Generated by org.testng.reporters.JUnitReportReporter -->
<testsuite skipped="0" hostname="DESKTOP-DVRHBHA" name="testNG.ParallelTesting" tests="2" failures="0" timestamp="2020-06-26T21:32:21 IST" time="14.481" errors="0">
  <testcase name="openGoogle" time="7.556" classname="testNG.ParallelTesting"/>
  <system-out/>
  <testcase name="openBing" time="6.925" classname="testNG.ParallelTesting"/>
  <system-out/>
</testsuite> <!-- testNG.ParallelTesting -->
