<?xml version="1.0" encoding="UTF-8"?>
<!-- Generated by org.testng.reporters.JUnitReportReporter -->
<testsuite skipped="0" hostname="DESKTOP-DVRHBHA" name="testNG.ParameterizationExample" tests="1" failures="0" timestamp="2020-06-26T21:14:17 IST" time="0.011" errors="0">
  <testcase name="printName" time="0.011" classname="testNG.ParameterizationExample"/>
  <system-out/>
</testsuite> <!-- testNG.ParameterizationExample -->
