<?xml version="1.0" encoding="UTF-8"?>
<!-- Generated by org.testng.reporters.JUnitReportReporter -->
<testsuite skipped="0" hostname="DESKTOP-DVRHBHA" name="testNG.PriorityExample" tests="4" failures="0" timestamp="2020-06-25T20:09:59 IST" time="0.006" errors="0">
  <testcase name="startTheCar" time="0.001" classname="testNG.PriorityExample"/>
  <system-out/>
  <testcase name="putFirstGear" time="0.001" classname="testNG.PriorityExample"/>
  <system-out/>
  <testcase name="putSecondGear" time="0.002" classname="testNG.PriorityExample"/>
  <system-out/>
  <testcase name="putThirdGear" time="0.002" classname="testNG.PriorityExample"/>
  <system-out/>
</testsuite> <!-- testNG.PriorityExample -->
