<?xml version="1.0" encoding="UTF-8"?>
<!-- Generated by org.testng.reporters.JUnitReportReporter -->
<testsuite skipped="0" hostname="DESKTOP-DVRHBHA" name="testNG.SampleTestCase" tests="1" failures="0" timestamp="2020-06-27T10:58:45 IST" time="0.010" errors="0">
  <testcase name="firtTestCase" time="0.010" classname="testNG.SampleTestCase"/>
  <system-out/>
</testsuite> <!-- testNG.SampleTestCase -->
