<?xml version="1.0" encoding="UTF-8"?>
<!-- Generated by org.testng.reporters.JUnitReportReporter -->
<testsuite skipped="1" hostname="DESKTOP-DVRHBHA" name="testNG.SkipATestCase" tests="5" failures="0" timestamp="2020-06-25T20:09:59 IST" time="0.002" errors="0">
  <testcase name="startTheCar" time="0.002" classname="testNG.SkipATestCase"/>
  <system-out/>
  <testcase name="putFirstGear" time="0.000" classname="testNG.SkipATestCase"/>
  <system-out/>
  <testcase name="putSecondGear" time="0.000" classname="testNG.SkipATestCase"/>
  <system-out/>
  <testcase name="putThirdGear" time="0.000" classname="testNG.SkipATestCase"/>
  <system-out/>
  <testcase name="turnTheMusicOn" classname="testNG.SkipATestCase">
    <skipped/>
  </testcase> <!-- turnTheMusicOn -->
  <system-out/>
</testsuite> <!-- testNG.SkipATestCase -->
